============================= test session starts ==============================
platform linux -- Python 3.14.0, pytest-9.0.1, pluggy-1.6.0 -- /usr/bin/python3
cachedir: .pytest_cache
rootdir: /home/sheepdestroyer/LAB/whoistel
plugins: anyio-4.11.0
collecting ... collected 15 items

tests/test_webapp.py::test_index PASSED                                  [  6%]
tests/test_webapp.py::test_check_number_redirect PASSED                  [ 13%]
tests/test_webapp.py::test_view_number_unknown PASSED                    [ 20%]
tests/test_webapp.py::test_report_flow PASSED                            [ 26%]
tests/test_webapp.py::test_check_known_missing_number PASSED             [ 33%]
tests/test_webapp.py::test_view_number_redirect_dirty PASSED             [ 40%]
tests/test_webapp.py::test_report_empty_date PASSED                      [ 46%]
tests/test_webapp.py::test_database_connection_error PASSED              [ 53%]
tests/test_webapp.py::test_report_comment_truncation FAILED              [ 60%]
tests/test_whoistel.py::test_geographic_number_lookup PASSED             [ 66%]
tests/test_whoistel.py::test_non_geographic_test_number_lookup PASSED    [ 73%]
tests/test_whoistel.py::test_valid_geo_number_lookup PASSED              [ 80%]
tests/test_whoistel.py::test_invalid_number_format_non_digit PASSED      [ 86%]
tests/test_whoistel.py::test_clean_phone_number PASSED                   [ 93%]
tests/test_whoistel.py::test_operator_info_validation PASSED             [100%]

=================================== FAILURES ===================================
________________________ test_report_comment_truncation ________________________

client = <FlaskClient <Flask 'webapp'>>

    def test_report_comment_truncation(client):
        """Tests that the comment field is truncated to 1024 characters."""
        long_comment = "a" * 2000
>       with patch('whoistel.history_manager.add_report') as mock_add_report:
             ^^^^^^^^^^^^^^^^^^^^^^^^^^^^^^^^^^^^^^^^^^^^

tests/test_webapp.py:95: 
_ _ _ _ _ _ _ _ _ _ _ _ _ _ _ _ _ _ _ _ _ _ _ _ _ _ _ _ _ _ _ _ _ _ _ _ _ _ _ _ 
/usr/lib64/python3.14/unittest/mock.py:1487: in __enter__
    self.target = self.getter()
                  ^^^^^^^^^^^^^
_ _ _ _ _ _ _ _ _ _ _ _ _ _ _ _ _ _ _ _ _ _ _ _ _ _ _ _ _ _ _ _ _ _ _ _ _ _ _ _ 

name = 'whoistel.history_manager'

    def resolve_name(name):
        """
        Resolve a name to an object.
    
        It is expected that `name` will be a string in one of the following
        formats, where W is shorthand for a valid Python identifier and dot stands
        for a literal period in these pseudo-regexes:
    
        W(.W)*
        W(.W)*:(W(.W)*)?
    
        The first form is intended for backward compatibility only. It assumes that
        some part of the dotted name is a package, and the rest is an object
        somewhere within that package, possibly nested inside other objects.
        Because the place where the package stops and the object hierarchy starts
        can't be inferred by inspection, repeated attempts to import must be done
        with this form.
    
        In the second form, the caller makes the division point clear through the
        provision of a single colon: the dotted name to the left of the colon is a
        package to be imported, and the dotted name to the right is the object
        hierarchy within that package. Only one import is needed in this form. If
        it ends with the colon, then a module object is returned.
    
        The function will return an object (which might be a module), or raise one
        of the following exceptions:
    
        ValueError - if `name` isn't in a recognised format
        ImportError - if an import failed when it shouldn't have
        AttributeError - if a failure occurred when traversing the object hierarchy
                         within the imported package to get to the desired object.
        """
        global _NAME_PATTERN
        if _NAME_PATTERN is None:
            # Lazy import to speedup Python startup time
            import re
            dotted_words = r'(?!\d)(\w+)(\.(?!\d)(\w+))*'
            _NAME_PATTERN = re.compile(f'^(?P<pkg>{dotted_words})'
                                       f'(?P<cln>:(?P<obj>{dotted_words})?)?$',
                                       re.UNICODE)
    
        m = _NAME_PATTERN.match(name)
        if not m:
            raise ValueError(f'invalid format: {name!r}')
        gd = m.groupdict()
        if gd.get('cln'):
            # there is a colon - a one-step import is all that's needed
            mod = importlib.import_module(gd['pkg'])
            parts = gd.get('obj')
            parts = parts.split('.') if parts else []
        else:
            # no colon - have to iterate to find the package boundary
            parts = name.split('.')
            modname = parts.pop(0)
            # first part *must* be a module/package.
            mod = importlib.import_module(modname)
            while parts:
                p = parts[0]
                s = f'{modname}.{p}'
                try:
                    mod = importlib.import_module(s)
                    parts.pop(0)
                    modname = s
                except ImportError:
                    break
        # if we reach this point, mod is the module, already imported, and
        # parts is the list of parts in the object hierarchy to be traversed, or
        # an empty list if just the module is wanted.
        result = mod
        for p in parts:
>           result = getattr(result, p)
                     ^^^^^^^^^^^^^^^^^^
E           AttributeError: module 'whoistel' has no attribute 'history_manager'

/usr/lib64/python3.14/pkgutil.py:473: AttributeError
=========================== short test summary info ============================
FAILED tests/test_webapp.py::test_report_comment_truncation - AttributeError:...
========================= 1 failed, 14 passed in 0.37s =========================
